2025-01-04 08:53:52,639 - INFO - Logging setup complete.
2025-01-04 08:58:20,223 - INFO - Imported required libraries.
2025-01-04 09:02:53,997 - INFO - Logging setup complete.
2025-01-04 09:04:02,213 - INFO - Logging setup complete.
2025-01-04 09:04:55,762 - INFO - Logging setup complete.
2025-01-04 09:06:46,995 - INFO - Logging setup complete.
2025-01-04 09:10:11,964 - INFO - Logging setup complete.
2025-01-04 09:33:25,651 - INFO - Logging setup complete.
2025-01-04 09:35:29,781 - INFO - Logging setup complete.
2025-01-04 09:35:38,702 - INFO - Logging setup complete.
2025-01-04 09:35:53,261 - INFO - Imported required libraries.
2025-01-04 09:37:46,792 - INFO - Loaded training and test datasets.
2025-01-04 09:37:46,797 - INFO - Previewed datasets.
2025-01-04 10:30:18,580 - INFO - Missing values in training data: Store            0
DayOfWeek        0
Date             0
Sales            0
Customers        0
Open             0
Promo            0
StateHoliday     0
SchoolHoliday    0
dtype: int64
2025-01-04 10:30:18,581 - INFO - Missing values in test data: Id                0
Store             0
DayOfWeek         0
Date              0
Open             11
Promo             0
StateHoliday      0
SchoolHoliday     0
dtype: int64
2025-01-04 10:30:18,661 - INFO - Filled missing values with 0.
2025-01-04 10:36:20,974 - INFO - Using categorical units to plot a list of strings that are all parsable as floats or dates. If these strings should be plotted as numbers, cast to the appropriate data type before plotting.
2025-01-04 10:36:21,746 - INFO - Using categorical units to plot a list of strings that are all parsable as floats or dates. If these strings should be plotted as numbers, cast to the appropriate data type before plotting.
2025-01-04 10:36:22,173 - INFO - Visualized promo distribution in training data.
2025-01-04 10:38:04,022 - INFO - Using categorical units to plot a list of strings that are all parsable as floats or dates. If these strings should be plotted as numbers, cast to the appropriate data type before plotting.
2025-01-04 10:38:05,089 - INFO - Using categorical units to plot a list of strings that are all parsable as floats or dates. If these strings should be plotted as numbers, cast to the appropriate data type before plotting.
2025-01-04 10:38:06,104 - INFO - Visualized promo distribution in training data with improved styling.
2025-01-04 10:52:57,536 - INFO - Logging setup complete.
2025-01-04 10:53:00,589 - INFO - Imported required libraries.
2025-01-04 10:53:01,608 - INFO - Loaded training and test datasets.
2025-01-04 10:53:01,630 - INFO - Previewed datasets.
2025-01-04 10:53:02,575 - INFO - Missing values in training data: Store            0
DayOfWeek        0
Date             0
Sales            0
Customers        0
Open             0
Promo            0
StateHoliday     0
SchoolHoliday    0
dtype: int64
2025-01-04 10:53:02,575 - INFO - Missing values in test data: Id                0
Store             0
DayOfWeek         0
Date              0
Open             11
Promo             0
StateHoliday      0
SchoolHoliday     0
dtype: int64
2025-01-04 10:53:02,727 - INFO - Filled missing values with 0.
2025-01-04 10:53:03,654 - INFO - Using categorical units to plot a list of strings that are all parsable as floats or dates. If these strings should be plotted as numbers, cast to the appropriate data type before plotting.
2025-01-04 10:53:04,340 - INFO - Using categorical units to plot a list of strings that are all parsable as floats or dates. If these strings should be plotted as numbers, cast to the appropriate data type before plotting.
2025-01-04 10:53:05,342 - INFO - Visualized promo distribution in Training data with improved styling.
2025-01-04 10:53:05,432 - INFO - Using categorical units to plot a list of strings that are all parsable as floats or dates. If these strings should be plotted as numbers, cast to the appropriate data type before plotting.
2025-01-04 10:53:05,517 - INFO - Using categorical units to plot a list of strings that are all parsable as floats or dates. If these strings should be plotted as numbers, cast to the appropriate data type before plotting.
2025-01-04 10:53:05,905 - INFO - Visualized promo distribution in Test data with improved styling.
2025-01-04 11:06:32,411 - INFO - Analyzed sales behavior during holidays.
